<?xml version="1.0" encoding="UTF-8"?>
<testng-results ignored="0" total="1" passed="1" failed="0" skipped="0">
  <reporter-output>
  </reporter-output>
  <suite started-at="2024-12-03T18:06:28 IST" name="Gradle suite" finished-at="2024-12-03T18:07:38 IST" duration-ms="70216">
    <groups>
    </groups>
    <test started-at="2024-12-03T18:06:28 IST" name="Gradle test" finished-at="2024-12-03T18:07:38 IST" duration-ms="70216">
      <class name="demo.TestCases">
        <test-method is-config="true" signature="stratBrowser()[pri:0, instance:demo.TestCases@5a3bc7ed]" started-at="2024-12-03T18:06:28 IST" name="stratBrowser" finished-at="2024-12-03T18:06:36 IST" duration-ms="7566" status="PASS">
          <reporter-output>
          </reporter-output>
        </test-method> <!-- stratBrowser -->
        <test-method signature="testCase01()[pri:0, instance:demo.TestCases@5a3bc7ed]" started-at="2024-12-03T18:06:36 IST" name="testCase01" finished-at="2024-12-03T18:07:37 IST" duration-ms="61442" status="PASS">
          <reporter-output>
          </reporter-output>
        </test-method> <!-- testCase01 -->
        <test-method is-config="true" signature="endTest()[pri:0, instance:demo.TestCases@5a3bc7ed]" started-at="2024-12-03T18:07:37 IST" name="endTest" finished-at="2024-12-03T18:07:38 IST" duration-ms="1133" status="PASS">
          <reporter-output>
          </reporter-output>
        </test-method> <!-- endTest -->
      </class> <!-- demo.TestCases -->
    </test> <!-- Gradle test -->
  </suite> <!-- Gradle suite -->
</testng-results>
