<?xml version="1.0" encoding="UTF-8"?>
<testng-results ignored="0" total="1" passed="1" failed="0" skipped="0">
  <reporter-output>
  </reporter-output>
  <suite started-at="2024-12-01T15:29:37 IST" name="Gradle suite" finished-at="2024-12-01T15:29:51 IST" duration-ms="13227">
    <groups>
    </groups>
    <test started-at="2024-12-01T15:29:37 IST" name="Gradle test" finished-at="2024-12-01T15:29:51 IST" duration-ms="13227">
      <class name="demo.TestCases">
        <test-method signature="testCase01()[pri:0, instance:demo.TestCases@41382722]" started-at="2024-12-01T15:29:38 IST" name="testCase01" finished-at="2024-12-01T15:29:51 IST" duration-ms="13130" status="PASS">
          <reporter-output>
          </reporter-output>
        </test-method> <!-- testCase01 -->
      </class> <!-- demo.TestCases -->
    </test> <!-- Gradle test -->
  </suite> <!-- Gradle suite -->
</testng-results>
